<?xml version="1.0" encoding="UTF-8"?>
<testng-results ignored="0" total="1" passed="1" failed="0" skipped="0">
  <reporter-output>
    <line>
      <![CDATA[Launching browser]]>
    </line>
    <line>
      <![CDATA[Waiting for: 1000]]>
    </line>
    <line>
      <![CDATA[Clicking on SignIn Button]]>
    </line>
    <line>
      <![CDATA[Waiting for: 1000]]>
    </line>
    <line>
      <![CDATA[Read data from excel is: row: 3, cell is: 1]]>
    </line>
    <line>
      <![CDATA[Data is: 9172328567]]>
    </line>
    <line>
      <![CDATA[Entering mobile number]]>
    </line>
    <line>
      <![CDATA[Clicking on SignIn Button]]>
    </line>
    <line>
      <![CDATA[Waiting for: 1000]]>
    </line>
    <line>
      <![CDATA[Read data from excel is: row: 6, cell is: 3]]>
    </line>
    <line>
      <![CDATA[Data is: 6666]]>
    </line>
    <line>
      <![CDATA[Entering password]]>
    </line>
    <line>
      <![CDATA[Clicking on Submit Button]]>
    </line>
    <line>
      <![CDATA[Waiting for: 1000]]>
    </line>
    <line>
      <![CDATA[Scroll into view to: OK]]>
    </line>
    <line>
      <![CDATA[Clicking on Pop Up OK Button]]>
    </line>
    <line>
      <![CDATA[Getting actual user name]]>
    </line>
    <line>
      <![CDATA[Actual user name is---> Hi Resham M]]>
    </line>
    <line>
      <![CDATA[Read data from excel is: row: 12, cell is: 5]]>
    </line>
    <line>
      <![CDATA[Data is: Hi Resham M]]>
    </line>
    <line>
      <![CDATA[Taking ScreenShot]]>
    </line>
    <line>
      <![CDATA[ScreenShot Taken and saved at: D:\20th_evening\Screensht\TCID_002Msq.png]]>
    </line>
    <line>
      <![CDATA[Logging out from neostox]]>
    </line>
    <line>
      <![CDATA[Cloasing application]]>
    </line>
  </reporter-output>
  <suite started-at="2023-01-27T12:54:55 IST" name="Default suite" finished-at="2023-01-27T12:55:32 IST" duration-ms="37591">
    <groups>
    </groups>
    <test started-at="2023-01-27T12:54:55 IST" name="Default test" finished-at="2023-01-27T12:55:32 IST" duration-ms="37591">
      <class name="neoStoxTestClassesMVN.ValidateNeoStox1UserNameExcelMVN">
        <test-method is-config="true" signature="launchNeostoxApp()[pri:0, instance:neoStoxTestClassesMVN.ValidateNeoStox1UserNameExcelMVN@54e1c68b]" started-at="2023-01-27T12:54:55 IST" name="launchNeostoxApp" finished-at="2023-01-27T12:54:58 IST" duration-ms="2963" status="PASS">
          <reporter-output>
            <line>
              <![CDATA[Launching browser]]>
            </line>
            <line>
              <![CDATA[Waiting for: 1000]]>
            </line>
          </reporter-output>
        </test-method> <!-- launchNeostoxApp -->
        <test-method is-config="true" signature="loginToNeoStox()[pri:0, instance:neoStoxTestClassesMVN.ValidateNeoStox1UserNameExcelMVN@54e1c68b]" started-at="2023-01-27T12:54:58 IST" name="loginToNeoStox" finished-at="2023-01-27T12:55:08 IST" duration-ms="10683" status="PASS">
          <reporter-output>
            <line>
              <![CDATA[Clicking on SignIn Button]]>
            </line>
            <line>
              <![CDATA[Waiting for: 1000]]>
            </line>
            <line>
              <![CDATA[Read data from excel is: row: 3, cell is: 1]]>
            </line>
            <line>
              <![CDATA[Data is: 9172328567]]>
            </line>
            <line>
              <![CDATA[Entering mobile number]]>
            </line>
            <line>
              <![CDATA[Clicking on SignIn Button]]>
            </line>
            <line>
              <![CDATA[Waiting for: 1000]]>
            </line>
            <line>
              <![CDATA[Read data from excel is: row: 6, cell is: 3]]>
            </line>
            <line>
              <![CDATA[Data is: 6666]]>
            </line>
            <line>
              <![CDATA[Entering password]]>
            </line>
            <line>
              <![CDATA[Clicking on Submit Button]]>
            </line>
            <line>
              <![CDATA[Waiting for: 1000]]>
            </line>
            <line>
              <![CDATA[Scroll into view to: OK]]>
            </line>
            <line>
              <![CDATA[Clicking on Pop Up OK Button]]>
            </line>
          </reporter-output>
        </test-method> <!-- loginToNeoStox -->
        <test-method signature="validateUserName()[pri:0, instance:neoStoxTestClassesMVN.ValidateNeoStox1UserNameExcelMVN@54e1c68b]" started-at="2023-01-27T12:55:08 IST" name="validateUserName" finished-at="2023-01-27T12:55:09 IST" duration-ms="339" status="PASS">
          <reporter-output>
            <line>
              <![CDATA[Getting actual user name]]>
            </line>
            <line>
              <![CDATA[Actual user name is---> Hi Resham M]]>
            </line>
            <line>
              <![CDATA[Read data from excel is: row: 12, cell is: 5]]>
            </line>
            <line>
              <![CDATA[Data is: Hi Resham M]]>
            </line>
            <line>
              <![CDATA[Taking ScreenShot]]>
            </line>
            <line>
              <![CDATA[ScreenShot Taken and saved at: D:\20th_evening\Screensht\TCID_002Msq.png]]>
            </line>
          </reporter-output>
        </test-method> <!-- validateUserName -->
        <test-method is-config="true" signature="logOutFromNeoStox()[pri:0, instance:neoStoxTestClassesMVN.ValidateNeoStox1UserNameExcelMVN@54e1c68b]" started-at="2023-01-27T12:55:09 IST" name="logOutFromNeoStox" finished-at="2023-01-27T12:55:30 IST" duration-ms="21477" status="PASS">
          <reporter-output>
            <line>
              <![CDATA[Logging out from neostox]]>
            </line>
          </reporter-output>
        </test-method> <!-- logOutFromNeoStox -->
        <test-method is-config="true" signature="closeNeoStoxApp()[pri:0, instance:neoStoxTestClassesMVN.ValidateNeoStox1UserNameExcelMVN@54e1c68b]" started-at="2023-01-27T12:55:30 IST" name="closeNeoStoxApp" finished-at="2023-01-27T12:55:32 IST" duration-ms="2104" status="PASS">
          <reporter-output>
            <line>
              <![CDATA[Cloasing application]]>
            </line>
          </reporter-output>
        </test-method> <!-- closeNeoStoxApp -->
      </class> <!-- neoStoxTestClassesMVN.ValidateNeoStox1UserNameExcelMVN -->
    </test> <!-- Default test -->
  </suite> <!-- Default suite -->
</testng-results>
