<?xml version="1.0" encoding="UTF-8"?>
<testng-results ignored="0" total="2" passed="2" failed="0" skipped="0">
  <reporter-output>
    <line>
      <![CDATA[Launching browser]]>
    </line>
    <line>
      <![CDATA[Waiting for: 1000]]>
    </line>
    <line>
      <![CDATA[Clicking on SignIn Button]]>
    </line>
    <line>
      <![CDATA[Waiting for: 1000]]>
    </line>
    <line>
      <![CDATA[Read data from excel is: row: 3, cell is: 1]]>
    </line>
    <line>
      <![CDATA[Data is: 9172328567]]>
    </line>
    <line>
      <![CDATA[Entering mobile number]]>
    </line>
    <line>
      <![CDATA[Clicking on SignIn Button]]>
    </line>
    <line>
      <![CDATA[Waiting for: 1000]]>
    </line>
    <line>
      <![CDATA[Read data from excel is: row: 6, cell is: 3]]>
    </line>
    <line>
      <![CDATA[Data is: 6666]]>
    </line>
    <line>
      <![CDATA[Entering password]]>
    </line>
    <line>
      <![CDATA[Clicking on Submit Button]]>
    </line>
    <line>
      <![CDATA[Waiting for: 1000]]>
    </line>
    <line>
      <![CDATA[Scroll into view to: OK]]>
    </line>
    <line>
      <![CDATA[Clicking on Pop Up OK Button]]>
    </line>
    <line>
      <![CDATA[Getting actual user name]]>
    </line>
    <line>
      <![CDATA[Actual user name is---> Hi Resham M]]>
    </line>
    <line>
      <![CDATA[Read data from excel is: row: 12, cell is: 5]]>
    </line>
    <line>
      <![CDATA[Data is: Hi Resham M]]>
    </line>
    <line>
      <![CDATA[Taking ScreenShot]]>
    </line>
    <line>
      <![CDATA[ScreenShot Taken and saved at: D:\20th_evening\Screensht\TCID_002BBX.png]]>
    </line>
    <line>
      <![CDATA[Logging out from neostox]]>
    </line>
    <line>
      <![CDATA[Cloasing application]]>
    </line>
  </reporter-output>
  <suite started-at="2023-02-06T19:17:21 IST" name="Suite" finished-at="2023-02-06T19:18:03 IST" duration-ms="42285">
    <groups>
    </groups>
    <test started-at="2023-02-06T19:17:21 IST" name="Test" finished-at="2023-02-06T19:18:03 IST" duration-ms="42285">
      <class name="neoStoxTestClassesMVN.demo">
        <test-method signature="loginTest()[pri:0, instance:neoStoxTestClassesMVN.demo@1de76cc7]" started-at="2023-02-06T19:17:21 IST" name="loginTest" finished-at="2023-02-06T19:17:28 IST" duration-ms="6678" status="PASS">
          <reporter-output>
          </reporter-output>
        </test-method> <!-- loginTest -->
      </class> <!-- neoStoxTestClassesMVN.demo -->
      <class name="neoStoxTestClassesMVN.ValidateNeoStox1UserNameExcelMVN">
        <test-method is-config="true" signature="launchNeostoxApp()[pri:0, instance:neoStoxTestClassesMVN.ValidateNeoStox1UserNameExcelMVN@242b836]" started-at="2023-02-06T19:17:28 IST" name="launchNeostoxApp" finished-at="2023-02-06T19:17:31 IST" duration-ms="3125" status="PASS">
          <reporter-output>
            <line>
              <![CDATA[Launching browser]]>
            </line>
            <line>
              <![CDATA[Waiting for: 1000]]>
            </line>
          </reporter-output>
        </test-method> <!-- launchNeostoxApp -->
        <test-method is-config="true" signature="loginToNeoStox()[pri:0, instance:neoStoxTestClassesMVN.ValidateNeoStox1UserNameExcelMVN@242b836]" started-at="2023-02-06T19:17:31 IST" name="loginToNeoStox" finished-at="2023-02-06T19:17:42 IST" duration-ms="11111" status="PASS">
          <reporter-output>
            <line>
              <![CDATA[Clicking on SignIn Button]]>
            </line>
            <line>
              <![CDATA[Waiting for: 1000]]>
            </line>
            <line>
              <![CDATA[Read data from excel is: row: 3, cell is: 1]]>
            </line>
            <line>
              <![CDATA[Data is: 9172328567]]>
            </line>
            <line>
              <![CDATA[Entering mobile number]]>
            </line>
            <line>
              <![CDATA[Clicking on SignIn Button]]>
            </line>
            <line>
              <![CDATA[Waiting for: 1000]]>
            </line>
            <line>
              <![CDATA[Read data from excel is: row: 6, cell is: 3]]>
            </line>
            <line>
              <![CDATA[Data is: 6666]]>
            </line>
            <line>
              <![CDATA[Entering password]]>
            </line>
            <line>
              <![CDATA[Clicking on Submit Button]]>
            </line>
            <line>
              <![CDATA[Waiting for: 1000]]>
            </line>
            <line>
              <![CDATA[Scroll into view to: OK]]>
            </line>
            <line>
              <![CDATA[Clicking on Pop Up OK Button]]>
            </line>
          </reporter-output>
        </test-method> <!-- loginToNeoStox -->
        <test-method signature="validateUserName()[pri:0, instance:neoStoxTestClassesMVN.ValidateNeoStox1UserNameExcelMVN@242b836]" started-at="2023-02-06T19:17:42 IST" name="validateUserName" finished-at="2023-02-06T19:17:43 IST" duration-ms="378" status="PASS">
          <reporter-output>
            <line>
              <![CDATA[Getting actual user name]]>
            </line>
            <line>
              <![CDATA[Actual user name is---> Hi Resham M]]>
            </line>
            <line>
              <![CDATA[Read data from excel is: row: 12, cell is: 5]]>
            </line>
            <line>
              <![CDATA[Data is: Hi Resham M]]>
            </line>
            <line>
              <![CDATA[Taking ScreenShot]]>
            </line>
            <line>
              <![CDATA[ScreenShot Taken and saved at: D:\20th_evening\Screensht\TCID_002BBX.png]]>
            </line>
          </reporter-output>
        </test-method> <!-- validateUserName -->
        <test-method is-config="true" signature="logOutFromNeoStox()[pri:0, instance:neoStoxTestClassesMVN.ValidateNeoStox1UserNameExcelMVN@242b836]" started-at="2023-02-06T19:17:43 IST" name="logOutFromNeoStox" finished-at="2023-02-06T19:17:45 IST" duration-ms="2756" status="PASS">
          <reporter-output>
            <line>
              <![CDATA[Logging out from neostox]]>
            </line>
          </reporter-output>
        </test-method> <!-- logOutFromNeoStox -->
        <test-method is-config="true" signature="closeNeoStoxApp()[pri:0, instance:neoStoxTestClassesMVN.ValidateNeoStox1UserNameExcelMVN@242b836]" started-at="2023-02-06T19:17:45 IST" name="closeNeoStoxApp" finished-at="2023-02-06T19:18:03 IST" duration-ms="18196" status="PASS">
          <reporter-output>
            <line>
              <![CDATA[Cloasing application]]>
            </line>
          </reporter-output>
        </test-method> <!-- closeNeoStoxApp -->
      </class> <!-- neoStoxTestClassesMVN.ValidateNeoStox1UserNameExcelMVN -->
    </test> <!-- Test -->
  </suite> <!-- Suite -->
</testng-results>
